example/build/intermediates/manifest_merge_blame_file/debug/manifest-merger-blame-debug-report.txt
1<?xml version="1.0" encoding="utf-8"?>
2<manifest xmlns:android="http://schemas.android.com/apk/res/android"
3    xmlns:dist="http://schemas.android.com/apk/distribution"
4    package="com.stripe.example"
5    android:versionCode="1"
6    android:versionName="1.0" >
7
8    <uses-sdk
9        android:minSdkVersion="21"
9-->StripeAppstore-0.3.3\example\AndroidManifest.xml
10        android:targetSdkVersion="31" />
10-->StripeAppstore-0.3.3\example\AndroidManifest.xml
11
12    <dist:module dist:instant="true" />
12-->StripeAppstore-0.3.3\example\AndroidManifest.xml:9:5-40
12-->StripeAppstore-0.3.3\example\AndroidManifest.xml:9:18-37
13
14    <uses-permission android:name="android.permission.INTERNET" />
14-->StripeAppstore-0.3.3\example\AndroidManifest.xml:11:5-67
14-->StripeAppstore-0.3.3\example\AndroidManifest.xml:11:22-64
15
16    <!-- See https://developer.android.com/training/package-visibility/declaring for more details. -->
17    <queries>
17-->[:payments-core] AndroidManifest.xml:10:5-14:15
18
19        <!-- Added to check if Chrome is installed for browser-based payment authentication (e.g. 3DS1). -->
20        <package android:name="com.android.chrome" />
20-->[:payments-core] AndroidManifest.xml:13:9-54
20-->[:payments-core] AndroidManifest.xml:13:18-51
21    </queries> <!-- To store the heap dumps and leak analysis results. -->
22    <uses-permission android:name="android.permission.READ_EXTERNAL_STORAGE" />
22-->[com.squareup.leakcanary:leakcanary-android-core:2.7] AndroidManifest.xml:23:5-80
22-->[com.squareup.leakcanary:leakcanary-android-core:2.7] AndroidManifest.xml:23:22-77
23    <uses-permission android:name="android.permission.WRITE_EXTERNAL_STORAGE" /> <!-- To allow starting foreground services on Android P+ - https://developer.android.com/preview/behavior-changes#fg-svc -->
23-->[com.squareup.leakcanary:leakcanary-android-core:2.7] AndroidManifest.xml:24:5-81
23-->[com.squareup.leakcanary:leakcanary-android-core:2.7] AndroidManifest.xml:24:22-78
24    <uses-permission android:name="android.permission.FOREGROUND_SERVICE" /> <!-- Include required permissions for Google Maps API to run. -->
24-->[com.squareup.leakcanary:leakcanary-android-core:2.7] AndroidManifest.xml:26:5-77
24-->[com.squareup.leakcanary:leakcanary-android-core:2.7] AndroidManifest.xml:26:22-74
25    <uses-permission android:name="android.permission.ACCESS_NETWORK_STATE" />
25-->[com.google.android.gms:play-services-maps:17.0.0] AndroidManifest.xml:23:5-79
25-->[com.google.android.gms:play-services-maps:17.0.0] AndroidManifest.xml:23:22-76
26
27    <uses-feature
27-->[com.google.android.gms:play-services-maps:17.0.0] AndroidManifest.xml:26:5-28:35
28        android:glEsVersion="0x00020000"
28-->[com.google.android.gms:play-services-maps:17.0.0] AndroidManifest.xml:27:9-41
29        android:required="true" />
29-->[com.google.android.gms:play-services-maps:17.0.0] AndroidManifest.xml:28:9-32
30
31    <application
31-->StripeAppstore-0.3.3\example\AndroidManifest.xml:13:5-74:19
32        android:name="com.stripe.example.ExampleApplication"
32-->StripeAppstore-0.3.3\example\AndroidManifest.xml:14:9-43
33        android:appComponentFactory="androidx.core.app.CoreComponentFactory"
33-->[androidx.core:core:1.7.0] AndroidManifest.xml:24:18-86
34        android:debuggable="true"
35        android:icon="@mipmap/ic_launcher"
35-->StripeAppstore-0.3.3\example\AndroidManifest.xml:15:9-43
36        android:label="@string/appName"
36-->StripeAppstore-0.3.3\example\AndroidManifest.xml:16:9-40
37        android:networkSecurityConfig="@xml/network_security_config"
37-->StripeAppstore-0.3.3\example\AndroidManifest.xml:20:9-69
38        android:requestLegacyExternalStorage="true"
38-->StripeAppstore-0.3.3\example\AndroidManifest.xml:21:9-52
39        android:supportsRtl="true"
39-->StripeAppstore-0.3.3\example\AndroidManifest.xml:18:9-35
40        android:theme="@style/AppTheme"
40-->StripeAppstore-0.3.3\example\AndroidManifest.xml:17:9-40
41        android:usesCleartextTraffic="true" >
41-->StripeAppstore-0.3.3\example\AndroidManifest.xml:22:9-44
42        <meta-data
43            android:name="com.stripe.example.metadata.backend_url"
43-->StripeAppstore-0.3.3\example\AndroidManifest.xml:25:13-67
44            android:value="" />
44-->StripeAppstore-0.3.3\example\AndroidManifest.xml:26:13-43
45        <meta-data
46            android:name="com.stripe.example.metadata.publishable_key"
46-->StripeAppstore-0.3.3\example\AndroidManifest.xml:28:13-71
47            android:value="" />
47-->StripeAppstore-0.3.3\example\AndroidManifest.xml:29:13-47
48        <meta-data
49            android:name="com.stripe.example.metadata.stripe_account_id"
49-->StripeAppstore-0.3.3\example\AndroidManifest.xml:31:13-73
50            android:value="" />
50-->StripeAppstore-0.3.3\example\AndroidManifest.xml:32:13-49
51
52        <!-- Enables the Google Payment API -->
53        <meta-data
53-->StripeAppstore-0.3.3\example\AndroidManifest.xml:35:9-37:36
54            android:name="com.google.android.gms.wallet.api.enabled"
54-->StripeAppstore-0.3.3\example\AndroidManifest.xml:36:13-69
55            android:value="true" />
55-->StripeAppstore-0.3.3\example\AndroidManifest.xml:37:13-33
56
57        <activity
57-->StripeAppstore-0.3.3\example\AndroidManifest.xml:39:9-47:20
58            android:name="com.stripe.example.activity.LauncherActivity"
58-->StripeAppstore-0.3.3\example\AndroidManifest.xml:40:13-54
59            android:exported="true" >
59-->StripeAppstore-0.3.3\example\AndroidManifest.xml:41:13-36
60            <intent-filter>
60-->StripeAppstore-0.3.3\example\AndroidManifest.xml:42:13-46:29
61                <action android:name="android.intent.action.MAIN" />
61-->StripeAppstore-0.3.3\example\AndroidManifest.xml:43:17-69
61-->StripeAppstore-0.3.3\example\AndroidManifest.xml:43:25-66
62
63                <category android:name="android.intent.category.LAUNCHER" />
63-->StripeAppstore-0.3.3\example\AndroidManifest.xml:45:17-77
63-->StripeAppstore-0.3.3\example\AndroidManifest.xml:45:27-74
64            </intent-filter>
65        </activity>
66        <activity android:name="com.stripe.example.activity.CreateCardTokenActivity" />
66-->StripeAppstore-0.3.3\example\AndroidManifest.xml:49:9-70
66-->StripeAppstore-0.3.3\example\AndroidManifest.xml:49:19-67
67        <activity android:name="com.stripe.example.activity.CreateCardSourceActivity" />
67-->StripeAppstore-0.3.3\example\AndroidManifest.xml:50:9-71
67-->StripeAppstore-0.3.3\example\AndroidManifest.xml:50:19-68
68        <activity android:name="com.stripe.example.activity.CustomerSessionActivity" />
68-->StripeAppstore-0.3.3\example\AndroidManifest.xml:51:9-70
68-->StripeAppstore-0.3.3\example\AndroidManifest.xml:51:19-67
69        <activity android:name="com.stripe.example.activity.CreateCardPaymentMethodActivity" />
69-->StripeAppstore-0.3.3\example\AndroidManifest.xml:52:9-78
69-->StripeAppstore-0.3.3\example\AndroidManifest.xml:52:19-75
70        <activity android:name="com.stripe.example.activity.PaymentSessionActivity" />
70-->StripeAppstore-0.3.3\example\AndroidManifest.xml:53:9-69
70-->StripeAppstore-0.3.3\example\AndroidManifest.xml:53:19-66
71        <activity android:name="com.stripe.example.activity.GooglePayLauncherIntegrationActivity" />
71-->StripeAppstore-0.3.3\example\AndroidManifest.xml:54:9-83
71-->StripeAppstore-0.3.3\example\AndroidManifest.xml:54:19-80
72        <activity android:name="com.stripe.example.activity.GooglePayLauncherPlaygroundActivity" />
72-->StripeAppstore-0.3.3\example\AndroidManifest.xml:55:9-82
72-->StripeAppstore-0.3.3\example\AndroidManifest.xml:55:19-79
73        <activity android:name="com.stripe.example.activity.GooglePayPaymentMethodLauncherIntegrationActivity" />
73-->StripeAppstore-0.3.3\example\AndroidManifest.xml:56:9-96
73-->StripeAppstore-0.3.3\example\AndroidManifest.xml:56:19-93
74        <activity android:name="com.stripe.example.activity.PaymentAuthActivity" />
74-->StripeAppstore-0.3.3\example\AndroidManifest.xml:57:9-66
74-->StripeAppstore-0.3.3\example\AndroidManifest.xml:57:19-63
75        <activity android:name="com.stripe.example.activity.FragmentExamplesActivity" />
75-->StripeAppstore-0.3.3\example\AndroidManifest.xml:58:9-71
75-->StripeAppstore-0.3.3\example\AndroidManifest.xml:58:19-68
76        <activity android:name="com.stripe.example.activity.ConfirmSepaDebitActivity" />
76-->StripeAppstore-0.3.3\example\AndroidManifest.xml:59:9-71
76-->StripeAppstore-0.3.3\example\AndroidManifest.xml:59:19-68
77        <activity android:name="com.stripe.example.activity.FpxPaymentActivity" />
77-->StripeAppstore-0.3.3\example\AndroidManifest.xml:60:9-65
77-->StripeAppstore-0.3.3\example\AndroidManifest.xml:60:19-62
78        <activity android:name="com.stripe.example.activity.NetbankingListPaymentActivity" />
78-->StripeAppstore-0.3.3\example\AndroidManifest.xml:61:9-76
78-->StripeAppstore-0.3.3\example\AndroidManifest.xml:61:19-73
79        <activity android:name="com.stripe.example.activity.BecsDebitPaymentMethodActivity" />
79-->StripeAppstore-0.3.3\example\AndroidManifest.xml:62:9-77
79-->StripeAppstore-0.3.3\example\AndroidManifest.xml:62:19-74
80        <activity android:name="com.stripe.example.activity.BacsDebitPaymentMethodActivity" />
80-->StripeAppstore-0.3.3\example\AndroidManifest.xml:63:9-77
80-->StripeAppstore-0.3.3\example\AndroidManifest.xml:63:19-74
81        <activity android:name="com.stripe.example.activity.SofortPaymentMethodActivity" />
81-->StripeAppstore-0.3.3\example\AndroidManifest.xml:64:9-74
81-->StripeAppstore-0.3.3\example\AndroidManifest.xml:64:19-71
82        <activity android:name="com.stripe.example.activity.UpiPaymentActivity" />
82-->StripeAppstore-0.3.3\example\AndroidManifest.xml:65:9-65
82-->StripeAppstore-0.3.3\example\AndroidManifest.xml:65:19-62
83        <activity android:name="com.stripe.example.activity.UpiWaitingActivity" />
83-->StripeAppstore-0.3.3\example\AndroidManifest.xml:66:9-65
83-->StripeAppstore-0.3.3\example\AndroidManifest.xml:66:19-62
84        <activity android:name="com.stripe.example.activity.KlarnaSourceActivity" />
84-->StripeAppstore-0.3.3\example\AndroidManifest.xml:67:9-67
84-->StripeAppstore-0.3.3\example\AndroidManifest.xml:67:19-64
85        <activity android:name="com.stripe.example.activity.CardBrandsActivity" />
85-->StripeAppstore-0.3.3\example\AndroidManifest.xml:68:9-65
85-->StripeAppstore-0.3.3\example\AndroidManifest.xml:68:19-62
86        <activity android:name="com.stripe.example.activity.NetbankingPaymentActivity" />
86-->StripeAppstore-0.3.3\example\AndroidManifest.xml:69:9-72
86-->StripeAppstore-0.3.3\example\AndroidManifest.xml:69:19-69
87        <activity android:name="com.stripe.example.activity.SimpleConfirmationActivity" />
87-->StripeAppstore-0.3.3\example\AndroidManifest.xml:70:9-73
87-->StripeAppstore-0.3.3\example\AndroidManifest.xml:70:19-70
88        <activity android:name="com.stripe.example.activity.ConnectExampleActivity" />
88-->StripeAppstore-0.3.3\example\AndroidManifest.xml:71:9-69
88-->StripeAppstore-0.3.3\example\AndroidManifest.xml:71:19-66
89        <activity android:name="com.stripe.example.activity.ComposeExampleActivity" />
89-->StripeAppstore-0.3.3\example\AndroidManifest.xml:72:9-69
89-->StripeAppstore-0.3.3\example\AndroidManifest.xml:72:19-66
90        <activity android:name="com.stripe.example.activity.KlarnaPaymentActivity" />
90-->StripeAppstore-0.3.3\example\AndroidManifest.xml:73:9-67
90-->StripeAppstore-0.3.3\example\AndroidManifest.xml:73:19-65
91        <activity
91-->[:paymentsheet] AndroidManifest.xml:14:9-17:69
92            android:name="com.stripe.android.paymentsheet.PaymentSheetActivity"
92-->[:paymentsheet] AndroidManifest.xml:15:13-80
93            android:exported="false"
93-->[:paymentsheet] AndroidManifest.xml:16:13-37
94            android:theme="@style/StripePaymentSheetDefaultTheme" />
94-->[:paymentsheet] AndroidManifest.xml:17:13-66
95        <activity
95-->[:paymentsheet] AndroidManifest.xml:18:9-21:69
96            android:name="com.stripe.android.paymentsheet.PaymentOptionsActivity"
96-->[:paymentsheet] AndroidManifest.xml:19:13-82
97            android:exported="false"
97-->[:paymentsheet] AndroidManifest.xml:20:13-37
98            android:theme="@style/StripePaymentSheetDefaultTheme" />
98-->[:paymentsheet] AndroidManifest.xml:21:13-66
99        <activity
99-->[:payments-core] AndroidManifest.xml:17:9-20:57
100            android:name="com.stripe.android.view.AddPaymentMethodActivity"
100-->[:payments-core] AndroidManifest.xml:18:13-76
101            android:exported="false"
101-->[:payments-core] AndroidManifest.xml:19:13-37
102            android:theme="@style/StripeDefaultTheme" />
102-->[:payments-core] AndroidManifest.xml:20:13-54
103        <activity
103-->[:payments-core] AndroidManifest.xml:21:9-24:57
104            android:name="com.stripe.android.view.PaymentMethodsActivity"
104-->[:payments-core] AndroidManifest.xml:22:13-74
105            android:exported="false"
105-->[:payments-core] AndroidManifest.xml:23:13-37
106            android:theme="@style/StripeDefaultTheme" />
106-->[:payments-core] AndroidManifest.xml:24:13-54
107        <activity
107-->[:payments-core] AndroidManifest.xml:25:9-28:57
108            android:name="com.stripe.android.view.PaymentFlowActivity"
108-->[:payments-core] AndroidManifest.xml:26:13-71
109            android:exported="false"
109-->[:payments-core] AndroidManifest.xml:27:13-37
110            android:theme="@style/StripeDefaultTheme" />
110-->[:payments-core] AndroidManifest.xml:28:13-54
111        <activity
111-->[:payments-core] AndroidManifest.xml:29:9-33:58
112            android:name="com.stripe.android.view.PaymentAuthWebViewActivity"
112-->[:payments-core] AndroidManifest.xml:30:13-78
113            android:exported="false"
113-->[:payments-core] AndroidManifest.xml:31:13-37
114            android:theme="@style/StripeDefaultTheme"
114-->[:payments-core] AndroidManifest.xml:32:13-54
115            android:windowSoftInputMode="adjustResize" />
115-->[:payments-core] AndroidManifest.xml:33:13-55
116        <activity
116-->[:payments-core] AndroidManifest.xml:34:9-37:61
117            android:name="com.stripe.android.view.PaymentRelayActivity"
117-->[:payments-core] AndroidManifest.xml:35:13-72
118            android:exported="false"
118-->[:payments-core] AndroidManifest.xml:36:13-37
119            android:theme="@style/StripeTransparentTheme" />
119-->[:payments-core] AndroidManifest.xml:37:13-58
120        <!--
121        Set android:launchMode="singleTop" so that the StripeBrowserLauncherActivity instance that
122        launched the browser Activity will also handle the return URL deep link.
123        -->
124        <activity
124-->[:payments-core] AndroidManifest.xml:43:9-60:20
125            android:name="com.stripe.android.payments.StripeBrowserLauncherActivity"
125-->[:payments-core] AndroidManifest.xml:44:13-85
126            android:exported="true"
126-->[:payments-core] AndroidManifest.xml:45:13-36
127            android:launchMode="singleTask"
127-->[:payments-core] AndroidManifest.xml:46:13-44
128            android:theme="@style/StripeTransparentTheme" >
128-->[:payments-core] AndroidManifest.xml:47:13-58
129            <intent-filter>
129-->[:payments-core] AndroidManifest.xml:48:13-59:29
130                <action android:name="android.intent.action.VIEW" />
130-->[:payments-core] AndroidManifest.xml:49:17-69
130-->[:payments-core] AndroidManifest.xml:49:25-66
131
132                <category android:name="android.intent.category.DEFAULT" />
132-->[:payments-core] AndroidManifest.xml:51:17-76
132-->[:payments-core] AndroidManifest.xml:51:27-73
133                <category android:name="android.intent.category.BROWSABLE" />
133-->[:payments-core] AndroidManifest.xml:52:17-78
133-->[:payments-core] AndroidManifest.xml:52:27-75
134
135                <!-- Must match `DefaultReturnUrl#value`. -->
136                <data
136-->[:payments-core] AndroidManifest.xml:55:17-58:50
137                    android:host="payment_return_url"
137-->[:payments-core] AndroidManifest.xml:56:21-54
138                    android:path="/com.stripe.example"
138-->[:payments-core] AndroidManifest.xml:57:21-53
139                    android:scheme="stripesdk" />
139-->[:payments-core] AndroidManifest.xml:58:21-47
140            </intent-filter>
141        </activity>
142        <activity
142-->[:payments-core] AndroidManifest.xml:61:9-64:57
143            android:name="com.stripe.android.payments.core.authentication.threeds2.Stripe3ds2TransactionActivity"
143-->[:payments-core] AndroidManifest.xml:62:13-114
144            android:exported="false"
144-->[:payments-core] AndroidManifest.xml:63:13-37
145            android:theme="@style/StripeDefaultTheme" />
145-->[:payments-core] AndroidManifest.xml:64:13-54
146        <activity
146-->[:payments-core] AndroidManifest.xml:65:9-68:66
147            android:name="com.stripe.android.googlepaylauncher.StripeGooglePayActivity"
147-->[:payments-core] AndroidManifest.xml:66:13-88
148            android:exported="false"
148-->[:payments-core] AndroidManifest.xml:67:13-37
149            android:theme="@style/StripeGooglePayDefaultTheme" />
149-->[:payments-core] AndroidManifest.xml:68:13-63
150        <activity
150-->[:payments-core] AndroidManifest.xml:69:9-72:66
151            android:name="com.stripe.android.googlepaylauncher.GooglePayLauncherActivity"
151-->[:payments-core] AndroidManifest.xml:70:13-90
152            android:exported="false"
152-->[:payments-core] AndroidManifest.xml:71:13-37
153            android:theme="@style/StripeGooglePayDefaultTheme" />
153-->[:payments-core] AndroidManifest.xml:72:13-63
154        <activity
154-->[:payments-core] AndroidManifest.xml:73:9-76:66
155            android:name="com.stripe.android.googlepaylauncher.GooglePayPaymentMethodLauncherActivity"
155-->[:payments-core] AndroidManifest.xml:74:13-103
156            android:exported="false"
156-->[:payments-core] AndroidManifest.xml:75:13-37
157            android:theme="@style/StripeGooglePayDefaultTheme" />
157-->[:payments-core] AndroidManifest.xml:76:13-63
158        <activity
158-->[:payments-core] AndroidManifest.xml:77:9-80:62
159            android:name="com.stripe.android.payments.paymentlauncher.PaymentLauncherConfirmationActivity"
159-->[:payments-core] AndroidManifest.xml:78:13-107
160            android:exported="false"
160-->[:payments-core] AndroidManifest.xml:79:13-37
161            android:theme="@style/PayLauncherDefaultTheme" />
161-->[:payments-core] AndroidManifest.xml:80:13-59
162        <activity
162-->[com.stripe:stripe-3ds2-android:6.1.2] AndroidManifest.xml:10:9-13:54
163            android:name="com.stripe.android.stripe3ds2.views.ChallengeActivity"
163-->[com.stripe:stripe-3ds2-android:6.1.2] AndroidManifest.xml:11:13-81
164            android:exported="false"
164-->[com.stripe:stripe-3ds2-android:6.1.2] AndroidManifest.xml:12:13-37
165            android:theme="@style/Stripe3DS2Theme" />
165-->[com.stripe:stripe-3ds2-android:6.1.2] AndroidManifest.xml:13:13-51
166        <activity
166-->[androidx.compose.ui:ui-tooling:1.0.5] AndroidManifest.xml:25:9-27:39
167            android:name="androidx.compose.ui.tooling.PreviewActivity"
167-->[androidx.compose.ui:ui-tooling:1.0.5] AndroidManifest.xml:26:13-71
168            android:exported="true" />
168-->[androidx.compose.ui:ui-tooling:1.0.5] AndroidManifest.xml:27:13-36
169
170        <service
170-->[com.squareup.leakcanary:leakcanary-android:2.7] AndroidManifest.xml:23:9-25:40
171            android:name="leakcanary.internal.HeapAnalyzerService"
171-->[com.squareup.leakcanary:leakcanary-android:2.7] AndroidManifest.xml:24:13-67
172            android:exported="false" />
172-->[com.squareup.leakcanary:leakcanary-android:2.7] AndroidManifest.xml:25:13-37
173
174        <provider
174-->[com.squareup.leakcanary:leakcanary-android-core:2.7] AndroidManifest.xml:29:9-37:20
175            android:name="leakcanary.internal.LeakCanaryFileProvider"
175-->[com.squareup.leakcanary:leakcanary-android-core:2.7] AndroidManifest.xml:30:13-70
176            android:authorities="com.squareup.leakcanary.fileprovider.com.stripe.example"
176-->[com.squareup.leakcanary:leakcanary-android-core:2.7] AndroidManifest.xml:31:13-88
177            android:exported="false"
177-->[com.squareup.leakcanary:leakcanary-android-core:2.7] AndroidManifest.xml:32:13-37
178            android:grantUriPermissions="true" >
178-->[com.squareup.leakcanary:leakcanary-android-core:2.7] AndroidManifest.xml:33:13-47
179            <meta-data
179-->[com.squareup.leakcanary:leakcanary-android-core:2.7] AndroidManifest.xml:34:13-36:66
180                android:name="android.support.FILE_PROVIDER_PATHS"
180-->[com.squareup.leakcanary:leakcanary-android-core:2.7] AndroidManifest.xml:35:17-67
181                android:resource="@xml/leak_canary_file_paths" />
181-->[com.squareup.leakcanary:leakcanary-android-core:2.7] AndroidManifest.xml:36:17-63
182        </provider>
183
184        <activity
184-->[com.squareup.leakcanary:leakcanary-android-core:2.7] AndroidManifest.xml:39:9-44:66
185            android:name="leakcanary.internal.activity.LeakActivity"
185-->[com.squareup.leakcanary:leakcanary-android-core:2.7] AndroidManifest.xml:40:13-69
186            android:icon="@mipmap/leak_canary_icon"
186-->[com.squareup.leakcanary:leakcanary-android-core:2.7] AndroidManifest.xml:41:13-52
187            android:label="@string/leak_canary_display_activity_label"
187-->[com.squareup.leakcanary:leakcanary-android-core:2.7] AndroidManifest.xml:42:13-71
188            android:taskAffinity="com.squareup.leakcanary.com.stripe.example"
188-->[com.squareup.leakcanary:leakcanary-android-core:2.7] AndroidManifest.xml:43:13-76
189            android:theme="@style/leak_canary_LeakCanary.Base" />
189-->[com.squareup.leakcanary:leakcanary-android-core:2.7] AndroidManifest.xml:44:13-63
190
191        <activity-alias
191-->[com.squareup.leakcanary:leakcanary-android-core:2.7] AndroidManifest.xml:46:9-63:26
192            android:name="leakcanary.internal.activity.LeakLauncherActivity"
192-->[com.squareup.leakcanary:leakcanary-android-core:2.7] AndroidManifest.xml:47:13-77
193            android:banner="@drawable/leak_canary_tv_icon"
193-->[com.squareup.leakcanary:leakcanary-android-core:2.7] AndroidManifest.xml:48:13-59
194            android:enabled="@bool/leak_canary_add_launcher_icon"
194-->[com.squareup.leakcanary:leakcanary-android-core:2.7] AndroidManifest.xml:49:13-66
195            android:exported="true"
195-->[com.squareup.leakcanary:leakcanary-android-core:2.7] AndroidManifest.xml:50:13-36
196            android:icon="@mipmap/leak_canary_icon"
196-->[com.squareup.leakcanary:leakcanary-android-core:2.7] AndroidManifest.xml:51:13-52
197            android:label="@string/leak_canary_display_activity_label"
197-->[com.squareup.leakcanary:leakcanary-android-core:2.7] AndroidManifest.xml:52:13-71
198            android:targetActivity="leakcanary.internal.activity.LeakActivity"
198-->[com.squareup.leakcanary:leakcanary-android-core:2.7] AndroidManifest.xml:53:13-79
199            android:taskAffinity="com.squareup.leakcanary.com.stripe.example"
199-->[com.squareup.leakcanary:leakcanary-android-core:2.7] AndroidManifest.xml:54:13-76
200            android:theme="@style/leak_canary_LeakCanary.Base" >
200-->[com.squareup.leakcanary:leakcanary-android-core:2.7] AndroidManifest.xml:55:13-63
201            <intent-filter>
201-->[com.squareup.leakcanary:leakcanary-android-core:2.7] AndroidManifest.xml:56:13-62:29
202                <action android:name="android.intent.action.MAIN" />
202-->StripeAppstore-0.3.3\example\AndroidManifest.xml:43:17-69
202-->StripeAppstore-0.3.3\example\AndroidManifest.xml:43:25-66
203
204                <category android:name="android.intent.category.LAUNCHER" />
204-->StripeAppstore-0.3.3\example\AndroidManifest.xml:45:17-77
204-->StripeAppstore-0.3.3\example\AndroidManifest.xml:45:27-74
205                <!-- Android TV launcher intent -->
206                <category android:name="android.intent.category.LEANBACK_LAUNCHER" />
206-->[com.squareup.leakcanary:leakcanary-android-core:2.7] AndroidManifest.xml:61:17-86
206-->[com.squareup.leakcanary:leakcanary-android-core:2.7] AndroidManifest.xml:61:27-83
207            </intent-filter>
208        </activity-alias>
209
210        <activity
210-->[com.squareup.leakcanary:leakcanary-android-core:2.7] AndroidManifest.xml:65:9-71:68
211            android:name="leakcanary.internal.RequestStoragePermissionActivity"
211-->[com.squareup.leakcanary:leakcanary-android-core:2.7] AndroidManifest.xml:66:13-80
212            android:excludeFromRecents="true"
212-->[com.squareup.leakcanary:leakcanary-android-core:2.7] AndroidManifest.xml:67:13-46
213            android:icon="@mipmap/leak_canary_icon"
213-->[com.squareup.leakcanary:leakcanary-android-core:2.7] AndroidManifest.xml:68:13-52
214            android:label="@string/leak_canary_storage_permission_activity_label"
214-->[com.squareup.leakcanary:leakcanary-android-core:2.7] AndroidManifest.xml:69:13-82
215            android:taskAffinity="com.squareup.leakcanary.com.stripe.example"
215-->[com.squareup.leakcanary:leakcanary-android-core:2.7] AndroidManifest.xml:70:13-76
216            android:theme="@style/leak_canary_Theme.Transparent" />
216-->[com.squareup.leakcanary:leakcanary-android-core:2.7] AndroidManifest.xml:71:13-65
217
218        <receiver android:name="leakcanary.internal.NotificationReceiver" /> <!-- Needs to be explicitly declared on P+ -->
218-->[com.squareup.leakcanary:leakcanary-android-core:2.7] AndroidManifest.xml:73:9-77
218-->[com.squareup.leakcanary:leakcanary-android-core:2.7] AndroidManifest.xml:73:19-74
219        <uses-library
219-->[com.google.android.gms:play-services-maps:17.0.0] AndroidManifest.xml:33:9-35:40
220            android:name="org.apache.http.legacy"
220-->[com.google.android.gms:play-services-maps:17.0.0] AndroidManifest.xml:34:13-50
221            android:required="false" />
221-->[com.google.android.gms:play-services-maps:17.0.0] AndroidManifest.xml:35:13-37
222
223        <activity
223-->[com.google.android.gms:play-services-base:17.5.0] AndroidManifest.xml:23:9-26:75
224            android:name="com.google.android.gms.common.api.GoogleApiActivity"
224-->[com.google.android.gms:play-services-base:17.5.0] AndroidManifest.xml:24:13-79
225            android:exported="false"
225-->[com.google.android.gms:play-services-base:17.5.0] AndroidManifest.xml:25:13-37
226            android:theme="@android:style/Theme.Translucent.NoTitleBar" />
226-->[com.google.android.gms:play-services-base:17.5.0] AndroidManifest.xml:26:13-72
227
228        <meta-data
228-->[com.google.android.gms:play-services-basement:17.5.0] AndroidManifest.xml:23:9-25:69
229            android:name="com.google.android.gms.version"
229-->[com.google.android.gms:play-services-basement:17.5.0] AndroidManifest.xml:24:13-58
230            android:value="@integer/google_play_services_version" />
230-->[com.google.android.gms:play-services-basement:17.5.0] AndroidManifest.xml:25:13-66
231
232        <provider
232-->[androidx.profileinstaller:profileinstaller:1.0.4] AndroidManifest.xml:26:9-34:20
233            android:name="androidx.startup.InitializationProvider"
233-->[androidx.profileinstaller:profileinstaller:1.0.4] AndroidManifest.xml:27:13-67
234            android:authorities="com.stripe.example.androidx-startup"
234-->[androidx.profileinstaller:profileinstaller:1.0.4] AndroidManifest.xml:28:13-68
235            android:exported="false" >
235-->[androidx.profileinstaller:profileinstaller:1.0.4] AndroidManifest.xml:29:13-37
236            <meta-data
236-->[androidx.profileinstaller:profileinstaller:1.0.4] AndroidManifest.xml:31:13-33:52
237                android:name="androidx.profileinstaller.ProfileInstallerInitializer"
237-->[androidx.profileinstaller:profileinstaller:1.0.4] AndroidManifest.xml:32:17-85
238                android:value="androidx.startup" />
238-->[androidx.profileinstaller:profileinstaller:1.0.4] AndroidManifest.xml:33:17-49
239        </provider>
240
241        <receiver
241-->[androidx.profileinstaller:profileinstaller:1.0.4] AndroidManifest.xml:36:9-45:20
242            android:name="androidx.profileinstaller.ProfileInstallReceiver"
242-->[androidx.profileinstaller:profileinstaller:1.0.4] AndroidManifest.xml:37:13-76
243            android:directBootAware="false"
243-->[androidx.profileinstaller:profileinstaller:1.0.4] AndroidManifest.xml:38:13-44
244            android:enabled="true"
244-->[androidx.profileinstaller:profileinstaller:1.0.4] AndroidManifest.xml:39:13-35
245            android:exported="true"
245-->[androidx.profileinstaller:profileinstaller:1.0.4] AndroidManifest.xml:40:13-36
246            android:permission="android.permission.DUMP" >
246-->[androidx.profileinstaller:profileinstaller:1.0.4] AndroidManifest.xml:41:13-57
247            <intent-filter>
247-->[androidx.profileinstaller:profileinstaller:1.0.4] AndroidManifest.xml:42:13-44:29
248                <action android:name="androidx.profileinstaller.action.INSTALL_PROFILE" />
248-->[androidx.profileinstaller:profileinstaller:1.0.4] AndroidManifest.xml:43:17-91
248-->[androidx.profileinstaller:profileinstaller:1.0.4] AndroidManifest.xml:43:25-88
249            </intent-filter>
250        </receiver>
251
252        <provider
252-->[com.squareup.leakcanary:leakcanary-object-watcher-android:2.7] AndroidManifest.xml:8:9-12:40
253            android:name="leakcanary.internal.AppWatcherInstaller$MainProcess"
253-->[com.squareup.leakcanary:leakcanary-object-watcher-android:2.7] AndroidManifest.xml:9:13-79
254            android:authorities="com.stripe.example.leakcanary-installer"
254-->[com.squareup.leakcanary:leakcanary-object-watcher-android:2.7] AndroidManifest.xml:10:13-72